2017-04-20 12:45:10 - Application Started On Notifcation from Gmail
2017-04-20 12:45:12 - message From Email matches Ideal credentials with id : 15b85dfa5bdadda5
2017-04-20 12:45:12 - Gathering Attachments for the message 15b85dfa5bdadda5
2017-04-20 12:45:12 - Gathering Attachments for the message 15b85dfa5bdadda5
2017-04-20 12:45:12 - Decoding Email Content
2017-04-20 12:45:12 - One Attachment Downloaded New Agent Details 19.04.2017.xlsx
2017-04-20 12:45:30 - File Import utility successfully initialized with Identity Thu20Apr2017.12.45.10.778
2017-04-20 12:45:30 - The following 3 files will be processed 
2017-04-20 12:45:30 - 1 - /home/daniel-connelly/Applications/hmrc-development-environment/hmrc/eeitt/utils/deltaAutomation/target/scala-2.11/classes/Files/Input/New Agent Details 19.04.2017.xlsx
2017-04-20 12:45:30 - 2 - /home/daniel-connelly/Applications/hmrc-development-environment/hmrc/eeitt/utils/deltaAutomation/target/scala-2.11/classes/Files/Input/Somefile
2017-04-20 12:45:30 - 3 - /home/daniel-connelly/Applications/hmrc-development-environment/hmrc/eeitt/utils/deltaAutomation/target/scala-2.11/classes/Files/Input/InputFilesGoHere
2017-04-20 12:45:55 - Application Started On Notifcation from Gmail
2017-04-20 12:46:12 - File Import utility successfully initialized with Identity Thu20Apr2017.12.45.54.914
2017-04-20 12:46:13 - The following 3 files will be processed 
2017-04-20 12:46:13 - 1 - /home/daniel-connelly/Applications/hmrc-development-environment/hmrc/eeitt/utils/deltaAutomation/target/scala-2.11/classes/Files/Input/New Agent Details 19.04.2017.xlsx
2017-04-20 12:46:13 - 2 - /home/daniel-connelly/Applications/hmrc-development-environment/hmrc/eeitt/utils/deltaAutomation/target/scala-2.11/classes/Files/Input/Somefile
2017-04-20 12:46:13 - 3 - /home/daniel-connelly/Applications/hmrc-development-environment/hmrc/eeitt/utils/deltaAutomation/target/scala-2.11/classes/Files/Input/InputFilesGoHere
2017-04-20 12:46:13 - Parsing /home/daniel-connelly/Applications/hmrc-development-environment/hmrc/eeitt/utils/deltaAutomation/target/scala-2.11/classes/Files/Input/New Agent Details 19.04.2017.xlsx ...
2017-04-20 12:46:13 - The file with Ignored Rows is /home/daniel-connelly/Applications/hmrc-development-environment/hmrc/eeitt/utils/deltaAutomation/target/scala-2.11/classes/Files/Bad/IgnoredNew Agent Details 19.04.2017.txt
2017-04-20 12:46:13 - The file with Correct Rows  is /home/daniel-connelly/Applications/hmrc-development-environment/hmrc/eeitt/utils/deltaAutomation/target/scala-2.11/classes/Files/Output/New Agent Details 19.04.2017.txt
2017-04-20 12:46:47 - Application Started On Notifcation from Gmail
2017-04-20 12:46:48 - message From Email matches Ideal credentials with id : 15b85dfa5bdadda5
2017-04-20 12:46:48 - Gathering Attachments for the message 15b85dfa5bdadda5
2017-04-20 12:46:48 - Gathering Attachments for the message 15b85dfa5bdadda5
2017-04-20 12:46:48 - Decoding Email Content
2017-04-20 12:46:48 - One Attachment Downloaded New Agent Details 19.04.2017.xlsx
2017-04-20 12:47:05 - File Import utility successfully initialized with Identity Thu20Apr2017.12.46.46.894
2017-04-20 12:47:05 - The following 3 files will be processed 
2017-04-20 12:47:05 - 1 - /home/daniel-connelly/Applications/hmrc-development-environment/hmrc/eeitt/utils/deltaAutomation/target/scala-2.11/classes/Files/Input/New Agent Details 19.04.2017.xlsx
2017-04-20 12:47:05 - 2 - /home/daniel-connelly/Applications/hmrc-development-environment/hmrc/eeitt/utils/deltaAutomation/target/scala-2.11/classes/Files/Input/Somefile
2017-04-20 12:47:05 - 3 - /home/daniel-connelly/Applications/hmrc-development-environment/hmrc/eeitt/utils/deltaAutomation/target/scala-2.11/classes/Files/Input/InputFilesGoHere
2017-04-20 12:47:06 - Parsing /home/daniel-connelly/Applications/hmrc-development-environment/hmrc/eeitt/utils/deltaAutomation/target/scala-2.11/classes/Files/Input/New Agent Details 19.04.2017.xlsx ...
2017-04-20 12:47:06 - The file with Ignored Rows is /home/daniel-connelly/Applications/hmrc-development-environment/hmrc/eeitt/utils/deltaAutomation/target/scala-2.11/classes/Files/Bad/IgnoredNew Agent Details 19.04.2017.txt
2017-04-20 12:47:06 - The file with Correct Rows  is /home/daniel-connelly/Applications/hmrc-development-environment/hmrc/eeitt/utils/deltaAutomation/target/scala-2.11/classes/Files/Output/New Agent Details 19.04.2017.txt
2017-04-20 12:51:08 - Application Started On Notifcation from Gmail
2017-04-20 12:51:09 - message From Email matches Ideal credentials with id : 15b85dfa5bdadda5
2017-04-20 12:51:09 - Gathering Attachments for the message 15b85dfa5bdadda5
2017-04-20 12:51:09 - Gathering Attachments for the message 15b85dfa5bdadda5
2017-04-20 12:51:10 - Decoding Email Content
2017-04-20 12:51:10 - One Attachment Downloaded New Agent Details 19.04.2017.xlsx
2017-04-20 12:51:27 - File Import utility successfully initialized with Identity Thu20Apr2017.12.51.08.588
2017-04-20 12:51:27 - The following 3 files will be processed 
2017-04-20 12:51:27 - 1 - /home/daniel-connelly/Applications/hmrc-development-environment/hmrc/eeitt/utils/deltaAutomation/target/scala-2.11/classes/Files/Input/New Agent Details 19.04.2017.xlsx
2017-04-20 12:51:27 - 2 - /home/daniel-connelly/Applications/hmrc-development-environment/hmrc/eeitt/utils/deltaAutomation/target/scala-2.11/classes/Files/Input/Somefile
2017-04-20 12:51:27 - 3 - /home/daniel-connelly/Applications/hmrc-development-environment/hmrc/eeitt/utils/deltaAutomation/target/scala-2.11/classes/Files/Input/InputFilesGoHere
2017-04-20 12:51:27 - Parsing /home/daniel-connelly/Applications/hmrc-development-environment/hmrc/eeitt/utils/deltaAutomation/target/scala-2.11/classes/Files/Input/New Agent Details 19.04.2017.xlsx ...
2017-04-20 12:51:27 - The file with Ignored Rows is /home/daniel-connelly/Applications/hmrc-development-environment/hmrc/eeitt/utils/deltaAutomation/target/scala-2.11/classes/Files/Bad/IgnoredNew Agent Details 19.04.2017.txt
2017-04-20 12:51:27 - The file with Correct Rows  is /home/daniel-connelly/Applications/hmrc-development-environment/hmrc/eeitt/utils/deltaAutomation/target/scala-2.11/classes/Files/Output/New Agent Details 19.04.2017.txt
2017-04-20 12:55:32 - Application Started On Notifcation from Gmail
2017-04-20 12:55:33 - message From Email matches Ideal credentials with id : 15b85dfa5bdadda5
2017-04-20 12:55:33 - Gathering Attachments for the message 15b85dfa5bdadda5
2017-04-20 12:55:33 - Gathering Attachments for the message 15b85dfa5bdadda5
2017-04-20 12:55:33 - Decoding Email Content
2017-04-20 12:55:33 - One Attachment Downloaded New Agent Details 19.04.2017.xlsx
2017-04-20 12:55:53 - File Import utility successfully initialized with Identity Thu20Apr2017.12.55.31.925
2017-04-20 12:55:53 - The following 3 files will be processed 
2017-04-20 12:55:53 - 1 - /home/daniel-connelly/Applications/hmrc-development-environment/hmrc/eeitt/utils/deltaAutomation/target/scala-2.11/classes/Files/Input/New Agent Details 19.04.2017.xlsx
2017-04-20 12:55:53 - 2 - /home/daniel-connelly/Applications/hmrc-development-environment/hmrc/eeitt/utils/deltaAutomation/target/scala-2.11/classes/Files/Input/Somefile
2017-04-20 12:55:53 - 3 - /home/daniel-connelly/Applications/hmrc-development-environment/hmrc/eeitt/utils/deltaAutomation/target/scala-2.11/classes/Files/Input/InputFilesGoHere
2017-04-20 12:55:54 - Parsing /home/daniel-connelly/Applications/hmrc-development-environment/hmrc/eeitt/utils/deltaAutomation/target/scala-2.11/classes/Files/Input/New Agent Details 19.04.2017.xlsx ...
2017-04-20 12:55:54 - The file with Ignored Rows is /home/daniel-connelly/Applications/hmrc-development-environment/hmrc/eeitt/utils/deltaAutomation/target/scala-2.11/classes/Files/Bad/IgnoredNew Agent Details 19.04.2017.txt
2017-04-20 12:55:54 - The file with Correct Rows  is /home/daniel-connelly/Applications/hmrc-development-environment/hmrc/eeitt/utils/deltaAutomation/target/scala-2.11/classes/Files/Output/New Agent Details 19.04.2017.txt
2017-04-20 12:55:54 - Total number of records :9
2017-04-20 12:55:54 - Successful records :3
2017-04-20 12:55:54 - Unsuccessful records :0
2017-04-20 12:55:54 - Ignored records :6
2017-04-20 12:58:23 - Application Started On Notifcation from Gmail
2017-04-20 12:58:41 - File Import utility successfully initialized with Identity Thu20Apr2017.12.58.23.652
2017-04-20 12:58:41 - The following 3 files will be processed 
2017-04-20 12:58:41 - 1 - /home/daniel-connelly/Applications/hmrc-development-environment/hmrc/eeitt/utils/deltaAutomation/target/scala-2.11/classes/Files/Input/New Agent Details 19.04.2017.xlsx
2017-04-20 12:58:41 - 2 - /home/daniel-connelly/Applications/hmrc-development-environment/hmrc/eeitt/utils/deltaAutomation/target/scala-2.11/classes/Files/Input/Somefile
2017-04-20 12:58:41 - 3 - /home/daniel-connelly/Applications/hmrc-development-environment/hmrc/eeitt/utils/deltaAutomation/target/scala-2.11/classes/Files/Input/InputFilesGoHere
2017-04-20 12:58:42 - Parsing /home/daniel-connelly/Applications/hmrc-development-environment/hmrc/eeitt/utils/deltaAutomation/target/scala-2.11/classes/Files/Input/New Agent Details 19.04.2017.xlsx ...
2017-04-20 12:58:42 - The file with Ignored Rows is /home/daniel-connelly/Applications/hmrc-development-environment/hmrc/eeitt/utils/deltaAutomation/target/scala-2.11/classes/Files/Bad/IgnoredNew Agent Details 19.04.2017.txt
2017-04-20 12:58:42 - The file with Correct Rows  is /home/daniel-connelly/Applications/hmrc-development-environment/hmrc/eeitt/utils/deltaAutomation/target/scala-2.11/classes/Files/Output/New Agent Details 19.04.2017.txt
2017-04-20 12:58:43 - Total number of records :9
2017-04-20 12:58:43 - Successful records :3
2017-04-20 12:58:43 - Unsuccessful records :0
2017-04-20 12:58:43 - Ignored records :6
2017-04-20 12:59:00 - Application Started On Notifcation from Gmail
2017-04-20 12:59:01 - message From Email matches Ideal credentials with id : 15b85dfa5bdadda5
2017-04-20 12:59:01 - Gathering Attachments for the message 15b85dfa5bdadda5
2017-04-20 12:59:01 - Gathering Attachments for the message 15b85dfa5bdadda5
2017-04-20 12:59:01 - Decoding Email Content
2017-04-20 12:59:01 - One Attachment Downloaded New Agent Details 19.04.2017.xlsx
2017-04-20 12:59:18 - File Import utility successfully initialized with Identity Thu20Apr2017.12.58.59.700
2017-04-20 12:59:18 - The following 3 files will be processed 
2017-04-20 12:59:18 - 1 - /home/daniel-connelly/Applications/hmrc-development-environment/hmrc/eeitt/utils/deltaAutomation/target/scala-2.11/classes/Files/Input/New Agent Details 19.04.2017.xlsx
2017-04-20 12:59:18 - 2 - /home/daniel-connelly/Applications/hmrc-development-environment/hmrc/eeitt/utils/deltaAutomation/target/scala-2.11/classes/Files/Input/Somefile
2017-04-20 12:59:18 - 3 - /home/daniel-connelly/Applications/hmrc-development-environment/hmrc/eeitt/utils/deltaAutomation/target/scala-2.11/classes/Files/Input/InputFilesGoHere
2017-04-20 12:59:19 - Parsing /home/daniel-connelly/Applications/hmrc-development-environment/hmrc/eeitt/utils/deltaAutomation/target/scala-2.11/classes/Files/Input/New Agent Details 19.04.2017.xlsx ...
2017-04-20 12:59:19 - The file with Ignored Rows is /home/daniel-connelly/Applications/hmrc-development-environment/hmrc/eeitt/utils/deltaAutomation/target/scala-2.11/classes/Files/Bad/IgnoredNew Agent Details 19.04.2017.txt
2017-04-20 12:59:19 - The file with Correct Rows  is /home/daniel-connelly/Applications/hmrc-development-environment/hmrc/eeitt/utils/deltaAutomation/target/scala-2.11/classes/Files/Output/New Agent Details 19.04.2017.txt
2017-04-20 12:59:19 - Total number of records :9
2017-04-20 12:59:19 - Successful records :3
2017-04-20 12:59:19 - Unsuccessful records :0
2017-04-20 12:59:19 - Ignored records :6
2017-04-20 17:28:49 - Application Started On Notifcation from Gmail
2017-04-20 17:28:51 - message From Email matches Ideal credentials with id : 15b85dfa5bdadda5
2017-04-20 17:28:51 - Gathering Attachments for the message 15b85dfa5bdadda5
2017-04-20 17:28:51 - Gathering Attachments for the message 15b85dfa5bdadda5
2017-04-20 17:28:51 - Decoding Email Content
2017-04-20 17:28:51 - One Attachment Downloaded New Agent Details 19.04.2017.xlsx
2017-04-20 17:29:08 - File Import utility successfully initialized with Identity Thu20Apr2017.17.28.49.117
2017-04-20 17:29:08 - The following 3 files will be processed 
2017-04-20 17:29:08 - 1 - /home/daniel-connelly/Applications/hmrc-development-environment/hmrc/eeitt/utils/deltaAutomation/target/scala-2.11/classes/Files/Input/New Agent Details 19.04.2017.xlsx
2017-04-20 17:29:08 - 2 - /home/daniel-connelly/Applications/hmrc-development-environment/hmrc/eeitt/utils/deltaAutomation/target/scala-2.11/classes/Files/Input/Somefile
2017-04-20 17:29:08 - 3 - /home/daniel-connelly/Applications/hmrc-development-environment/hmrc/eeitt/utils/deltaAutomation/target/scala-2.11/classes/Files/Input/InputFilesGoHere
