2017-04-20 12:45:11 - Gathering All Emails in account
2017-04-20 12:45:12 - closing FileOutputStream
2017-04-20 12:45:30 - Config values are location.inputfile.value = /home/daniel-connelly/Applications/hmrc-development-environment/hmrc/eeitt/utils/deltaAutomation/target/scala-2.11/classes/Files/Input, location.inputfile.archive.value= /home/daniel-connelly/Applications/hmrc-development-environment/hmrc/eeitt/utils/deltaAutomation/target/scala-2.11/classes/Files/Input/Archive, location.outputfile.value = /home/daniel-connelly/Applications/hmrc-development-environment/hmrc/eeitt/utils/deltaAutomation/target/scala-2.11/classes/Files/Output , location.badfile.value=/home/daniel-connelly/Applications/hmrc-development-environment/hmrc/eeitt/utils/deltaAutomation/target/scala-2.11/classes/Files/Bad
2017-04-20 12:45:55 - Gathering All Emails in account
2017-04-20 12:46:12 - Config values are location.inputfile.value = /home/daniel-connelly/Applications/hmrc-development-environment/hmrc/eeitt/utils/deltaAutomation/target/scala-2.11/classes/Files/Input, location.inputfile.archive.value= /home/daniel-connelly/Applications/hmrc-development-environment/hmrc/eeitt/utils/deltaAutomation/target/scala-2.11/classes/Files/Input/Archive, location.outputfile.value = /home/daniel-connelly/Applications/hmrc-development-environment/hmrc/eeitt/utils/deltaAutomation/target/scala-2.11/classes/Files/Output , location.badfile.value=/home/daniel-connelly/Applications/hmrc-development-environment/hmrc/eeitt/utils/deltaAutomation/target/scala-2.11/classes/Files/Bad
2017-04-20 12:46:47 - Gathering All Emails in account
2017-04-20 12:46:48 - closing FileOutputStream
2017-04-20 12:47:05 - Config values are location.inputfile.value = /home/daniel-connelly/Applications/hmrc-development-environment/hmrc/eeitt/utils/deltaAutomation/target/scala-2.11/classes/Files/Input, location.inputfile.archive.value= /home/daniel-connelly/Applications/hmrc-development-environment/hmrc/eeitt/utils/deltaAutomation/target/scala-2.11/classes/Files/Input/Archive, location.outputfile.value = /home/daniel-connelly/Applications/hmrc-development-environment/hmrc/eeitt/utils/deltaAutomation/target/scala-2.11/classes/Files/Output , location.badfile.value=/home/daniel-connelly/Applications/hmrc-development-environment/hmrc/eeitt/utils/deltaAutomation/target/scala-2.11/classes/Files/Bad
2017-04-20 12:51:09 - Gathering All Emails in account
2017-04-20 12:51:10 - closing FileOutputStream
2017-04-20 12:51:27 - Config values are location.inputfile.value = /home/daniel-connelly/Applications/hmrc-development-environment/hmrc/eeitt/utils/deltaAutomation/target/scala-2.11/classes/Files/Input, location.inputfile.archive.value= /home/daniel-connelly/Applications/hmrc-development-environment/hmrc/eeitt/utils/deltaAutomation/target/scala-2.11/classes/Files/Input/Archive, location.outputfile.value = /home/daniel-connelly/Applications/hmrc-development-environment/hmrc/eeitt/utils/deltaAutomation/target/scala-2.11/classes/Files/Output , location.badfile.value=/home/daniel-connelly/Applications/hmrc-development-environment/hmrc/eeitt/utils/deltaAutomation/target/scala-2.11/classes/Files/Bad
2017-04-20 12:51:27 -  The File Location is : /home/daniel-connelly/Applications/hmrc-development-environment/hmrc/eeitt/utils/deltaAutomation/target/scala-2.11/classes/Files/Input/New Agent Details 19.04.2017.xlsx
2017-04-20 12:55:32 - Gathering All Emails in account
2017-04-20 12:55:33 - closing FileOutputStream
2017-04-20 12:55:53 - Config values are location.inputfile.value = /home/daniel-connelly/Applications/hmrc-development-environment/hmrc/eeitt/utils/deltaAutomation/target/scala-2.11/classes/Files/Input, location.inputfile.archive.value= /home/daniel-connelly/Applications/hmrc-development-environment/hmrc/eeitt/utils/deltaAutomation/target/scala-2.11/classes/Files/Input/Archive, location.outputfile.value = /home/daniel-connelly/Applications/hmrc-development-environment/hmrc/eeitt/utils/deltaAutomation/target/scala-2.11/classes/Files/Output , location.badfile.value=/home/daniel-connelly/Applications/hmrc-development-environment/hmrc/eeitt/utils/deltaAutomation/target/scala-2.11/classes/Files/Bad
2017-04-20 12:55:54 -  The File Location is : /home/daniel-connelly/Applications/hmrc-development-environment/hmrc/eeitt/utils/deltaAutomation/target/scala-2.11/classes/Files/Output/New Agent Details 19.04.2017.txt
2017-04-20 12:55:54 -  The File Location is : /home/daniel-connelly/Applications/hmrc-development-environment/hmrc/eeitt/utils/deltaAutomation/target/scala-2.11/classes/Files/Output/New Agent Details 19.04.2017.txt
2017-04-20 12:55:54 - The file /home/daniel-connelly/Applications/hmrc-development-environment/hmrc/eeitt/utils/deltaAutomation/target/scala-2.11/classes/Files/Input/New Agent Details 19.04.2017.xlsx is successfully parsed and written to the file
2017-04-20 12:55:54 -  The File Location is : /home/daniel-connelly/Applications/hmrc-development-environment/hmrc/eeitt/utils/deltaAutomation/target/scala-2.11/classes/Files/Output/Master/MasterAgent
2017-04-20 12:58:24 - Gathering All Emails in account
2017-04-20 12:58:41 - Config values are location.inputfile.value = /home/daniel-connelly/Applications/hmrc-development-environment/hmrc/eeitt/utils/deltaAutomation/target/scala-2.11/classes/Files/Input, location.inputfile.archive.value= /home/daniel-connelly/Applications/hmrc-development-environment/hmrc/eeitt/utils/deltaAutomation/target/scala-2.11/classes/Files/Input/Archive, location.outputfile.value = /home/daniel-connelly/Applications/hmrc-development-environment/hmrc/eeitt/utils/deltaAutomation/target/scala-2.11/classes/Files/Output , location.badfile.value=/home/daniel-connelly/Applications/hmrc-development-environment/hmrc/eeitt/utils/deltaAutomation/target/scala-2.11/classes/Files/Bad
2017-04-20 12:58:42 -  The File Location is : /home/daniel-connelly/Applications/hmrc-development-environment/hmrc/eeitt/utils/deltaAutomation/target/scala-2.11/classes/Files/Output/New Agent Details 19.04.2017.txt
2017-04-20 12:58:42 -  The File Location is : /home/daniel-connelly/Applications/hmrc-development-environment/hmrc/eeitt/utils/deltaAutomation/target/scala-2.11/classes/Files/Output/New Agent Details 19.04.2017.txt
2017-04-20 12:58:43 - The file /home/daniel-connelly/Applications/hmrc-development-environment/hmrc/eeitt/utils/deltaAutomation/target/scala-2.11/classes/Files/Input/New Agent Details 19.04.2017.xlsx is successfully parsed and written to the file
2017-04-20 12:58:43 -  The File Location is : /home/daniel-connelly/Applications/hmrc-development-environment/hmrc/eeitt/utils/deltaAutomation/target/scala-2.11/classes/Files/Output/Master/MasterAgent
2017-04-20 12:58:43 -  The File Location is : /home/daniel-connelly/Applications/hmrc-development-environment/hmrc/eeitt/utils/deltaAutomation/target/scala-2.11/classes/Files/Output/Master/MasterAgent
2017-04-20 12:59:00 - Gathering All Emails in account
2017-04-20 12:59:01 - closing FileOutputStream
2017-04-20 12:59:18 - Config values are location.inputfile.value = /home/daniel-connelly/Applications/hmrc-development-environment/hmrc/eeitt/utils/deltaAutomation/target/scala-2.11/classes/Files/Input, location.inputfile.archive.value= /home/daniel-connelly/Applications/hmrc-development-environment/hmrc/eeitt/utils/deltaAutomation/target/scala-2.11/classes/Files/Input/Archive, location.outputfile.value = /home/daniel-connelly/Applications/hmrc-development-environment/hmrc/eeitt/utils/deltaAutomation/target/scala-2.11/classes/Files/Output , location.badfile.value=/home/daniel-connelly/Applications/hmrc-development-environment/hmrc/eeitt/utils/deltaAutomation/target/scala-2.11/classes/Files/Bad
2017-04-20 12:59:19 -  The File Location is : /home/daniel-connelly/Applications/hmrc-development-environment/hmrc/eeitt/utils/deltaAutomation/target/scala-2.11/classes/Files/Output/New Agent Details 19.04.2017.txt
2017-04-20 12:59:19 -  The File Location is : /home/daniel-connelly/Applications/hmrc-development-environment/hmrc/eeitt/utils/deltaAutomation/target/scala-2.11/classes/Files/Output/New Agent Details 19.04.2017.txt
2017-04-20 12:59:19 - The file /home/daniel-connelly/Applications/hmrc-development-environment/hmrc/eeitt/utils/deltaAutomation/target/scala-2.11/classes/Files/Input/New Agent Details 19.04.2017.xlsx is successfully parsed and written to the file
2017-04-20 12:59:19 -  The File Location is : /home/daniel-connelly/Applications/hmrc-development-environment/hmrc/eeitt/utils/deltaAutomation/target/scala-2.11/classes/Files/Output/Master/MasterAgent
2017-04-20 12:59:19 -  The File Location is : /home/daniel-connelly/Applications/hmrc-development-environment/hmrc/eeitt/utils/deltaAutomation/target/scala-2.11/classes/Files/Output/Master/MasterAgent
2017-04-20 17:28:49 - Gathering All Emails in account
2017-04-20 17:28:51 - closing FileOutputStream
2017-04-20 17:29:08 - Config values are location.inputfile.value = /home/daniel-connelly/Applications/hmrc-development-environment/hmrc/eeitt/utils/deltaAutomation/target/scala-2.11/classes/Files/Input, location.inputfile.archive.value= /home/daniel-connelly/Applications/hmrc-development-environment/hmrc/eeitt/utils/deltaAutomation/target/scala-2.11/classes/Files/Input/Archive, location.outputfile.value = /home/daniel-connelly/Applications/hmrc-development-environment/hmrc/eeitt/utils/deltaAutomation/target/scala-2.11/classes/Files/Output , location.badfile.value=/home/daniel-connelly/Applications/hmrc-development-environment/hmrc/eeitt/utils/deltaAutomation/target/scala-2.11/classes/Files/Bad
2017-04-20 17:29:09 - Archived New Agent Details 19.04.2017.xlsx to /home/daniel-connelly/Applications/hmrc-development-environment/hmrc/eeitt/utils/deltaAutomation/target/scala-2.11/classes/Files/Input/Archive
2017-04-20 17:29:09 - Archived Somefile to /home/daniel-connelly/Applications/hmrc-development-environment/hmrc/eeitt/utils/deltaAutomation/target/scala-2.11/classes/Files/Input/Archive
2017-04-20 17:29:09 - Archived InputFilesGoHere to /home/daniel-connelly/Applications/hmrc-development-environment/hmrc/eeitt/utils/deltaAutomation/target/scala-2.11/classes/Files/Input/Archive
